[1007/123102.673:ERROR:prune_crash_reports.cc(34)] PruneCrashReportDatabase: Failed to get pending reports
[1013/132045.924:ERROR:prune_crash_reports.cc(34)] PruneCrashReportDatabase: Failed to get pending reports
[1229/210117.401:ERROR:prune_crash_reports.cc(35)] PruneCrashReportDatabase: Failed to get pending reports
[0222/121654.347:ERROR:prune_crash_reports.cc(35)] PruneCrashReportDatabase: Failed to get pending reports
[0223/171549.799:ERROR:process_reader_win.cc(151)] SuspendThread: Access is denied. (0x5)
[0223/171549.837:ERROR:process_reader_win.cc(151)] SuspendThread: Access is denied. (0x5)
[0223/171549.837:ERROR:exception_snapshot_win.cc(98)] thread ID 4576 not found in process
[0223/171549.837:ERROR:scoped_process_suspend.cc(40)] NtResumeProcess: An attempt was made to access an exiting process. (0xc000010a)
[0223/172744.698:ERROR:process_reader_win.cc(182)] ResumeThread: The parameter is incorrect. (0x57)
[0223/172744.775:ERROR:process_reader_win.cc(123)] NtOpenThread: An invalid Client ID was specified. (0xc000000b)
[0223/172744.825:ERROR:process_reader_win.cc(123)] NtOpenThread: An invalid Client ID was specified. (0xc000000b)
[0223/172744.825:ERROR:process_reader_win.cc(123)] NtOpenThread: An invalid Client ID was specified. (0xc000000b)
[0223/172744.825:ERROR:process_reader_win.cc(123)] NtOpenThread: An invalid Client ID was specified. (0xc000000b)
[0223/172744.825:ERROR:process_reader_win.cc(123)] NtOpenThread: An invalid Client ID was specified. (0xc000000b)
[0223/172744.825:ERROR:process_reader_win.cc(123)] NtOpenThread: An invalid Client ID was specified. (0xc000000b)
[0223/172744.825:ERROR:process_reader_win.cc(123)] NtOpenThread: An invalid Client ID was specified. (0xc000000b)
[0223/172744.825:ERROR:process_reader_win.cc(123)] NtOpenThread: An invalid Client ID was specified. (0xc000000b)
[0223/172744.825:ERROR:process_reader_win.cc(123)] NtOpenThread: An invalid Client ID was specified. (0xc000000b)
[0223/172744.826:ERROR:process_reader_win.cc(123)] NtOpenThread: An invalid Client ID was specified. (0xc000000b)
[0223/172744.826:ERROR:process_reader_win.cc(123)] NtOpenThread: An invalid Client ID was specified. (0xc000000b)
[0223/172744.826:ERROR:process_reader_win.cc(123)] NtOpenThread: An invalid Client ID was specified. (0xc000000b)
[0223/172744.826:ERROR:exception_snapshot_win.cc(98)] thread ID 5036 not found in process
[0223/172744.826:ERROR:scoped_process_suspend.cc(40)] NtResumeProcess: An attempt was made to access an exiting process. (0xc000010a)
[0222/175407.245:ERROR:file_io.cc(134)] WriteFile: The pipe is being closed. (0xE8)
